[2024-07-07T23:11:02.147+0000] {local_task_job_runner.py:120} INFO - ::group::Pre task execution logs
[2024-07-07T23:11:02.226+0000] {taskinstance.py:2076} INFO - Dependencies all met for dep_context=non-requeueable deps ti=<TaskInstance: example_dag.print_hello scheduled__2023-05-22T00:00:00+00:00 [queued]>
[2024-07-07T23:11:02.245+0000] {taskinstance.py:2076} INFO - Dependencies all met for dep_context=requeueable deps ti=<TaskInstance: example_dag.print_hello scheduled__2023-05-22T00:00:00+00:00 [queued]>
[2024-07-07T23:11:02.248+0000] {taskinstance.py:2306} INFO - Starting attempt 1 of 2
[2024-07-07T23:11:02.304+0000] {taskinstance.py:2330} INFO - Executing <Task(PythonOperator): print_hello> on 2023-05-22 00:00:00+00:00
[2024-07-07T23:11:02.321+0000] {warnings.py:112} WARNING - /home/***/.local/lib/python3.12/site-packages/***/task/task_runner/standard_task_runner.py:61: DeprecationWarning: This process (pid=747) is multi-threaded, use of fork() may lead to deadlocks in the child.
  pid = os.fork()

[2024-07-07T23:11:02.329+0000] {standard_task_runner.py:63} INFO - Started process 770 to run task
[2024-07-07T23:11:02.328+0000] {standard_task_runner.py:90} INFO - Running: ['***', 'tasks', 'run', 'example_dag', 'print_hello', 'scheduled__2023-05-22T00:00:00+00:00', '--job-id', '145', '--raw', '--subdir', 'DAGS_FOLDER/init.py', '--cfg-path', '/tmp/tmppmnocuas']
[2024-07-07T23:11:02.338+0000] {standard_task_runner.py:91} INFO - Job 145: Subtask print_hello
[2024-07-07T23:11:02.449+0000] {task_command.py:426} INFO - Running <TaskInstance: example_dag.print_hello scheduled__2023-05-22T00:00:00+00:00 [running]> on host 887bcaddc0d8
[2024-07-07T23:11:02.754+0000] {taskinstance.py:2648} INFO - Exporting env vars: AIRFLOW_CTX_DAG_OWNER='***' AIRFLOW_CTX_DAG_ID='example_dag' AIRFLOW_CTX_TASK_ID='print_hello' AIRFLOW_CTX_EXECUTION_DATE='2023-05-22T00:00:00+00:00' AIRFLOW_CTX_TRY_NUMBER='1' AIRFLOW_CTX_DAG_RUN_ID='scheduled__2023-05-22T00:00:00+00:00'
[2024-07-07T23:11:02.760+0000] {taskinstance.py:430} INFO - ::endgroup::
[2024-07-07T23:11:02.767+0000] {logging_mixin.py:188} INFO - Hello, Airflow!
[2024-07-07T23:11:02.768+0000] {python.py:237} INFO - Done. Returned value was: None
[2024-07-07T23:11:02.769+0000] {taskinstance.py:441} INFO - ::group::Post task execution logs
[2024-07-07T23:11:02.786+0000] {taskinstance.py:1206} INFO - Marking task as SUCCESS. dag_id=example_dag, task_id=print_hello, run_id=scheduled__2023-05-22T00:00:00+00:00, execution_date=20230522T000000, start_date=20240707T231102, end_date=20240707T231102
[2024-07-07T23:11:02.854+0000] {local_task_job_runner.py:240} INFO - Task exited with return code 0
[2024-07-07T23:11:02.905+0000] {taskinstance.py:3503} INFO - 0 downstream tasks scheduled from follow-on schedule check
[2024-07-07T23:11:02.907+0000] {local_task_job_runner.py:222} INFO - ::endgroup::
