[2024-07-07T23:12:15.611+0000] {local_task_job_runner.py:120} INFO - ::group::Pre task execution logs
[2024-07-07T23:12:15.731+0000] {taskinstance.py:2076} INFO - Dependencies all met for dep_context=non-requeueable deps ti=<TaskInstance: example_dag.print_hello scheduled__2023-08-20T00:00:00+00:00 [queued]>
[2024-07-07T23:12:15.801+0000] {taskinstance.py:2076} INFO - Dependencies all met for dep_context=requeueable deps ti=<TaskInstance: example_dag.print_hello scheduled__2023-08-20T00:00:00+00:00 [queued]>
[2024-07-07T23:12:15.804+0000] {taskinstance.py:2306} INFO - Starting attempt 1 of 2
[2024-07-07T23:12:15.952+0000] {taskinstance.py:2330} INFO - Executing <Task(PythonOperator): print_hello> on 2023-08-20 00:00:00+00:00
[2024-07-07T23:12:15.989+0000] {warnings.py:112} WARNING - /home/***/.local/lib/python3.12/site-packages/***/task/task_runner/standard_task_runner.py:61: DeprecationWarning: This process (pid=1045) is multi-threaded, use of fork() may lead to deadlocks in the child.
  pid = os.fork()

[2024-07-07T23:12:16.000+0000] {standard_task_runner.py:63} INFO - Started process 1079 to run task
[2024-07-07T23:12:16.073+0000] {standard_task_runner.py:90} INFO - Running: ['***', 'tasks', 'run', 'example_dag', 'print_hello', 'scheduled__2023-08-20T00:00:00+00:00', '--job-id', '237', '--raw', '--subdir', 'DAGS_FOLDER/init.py', '--cfg-path', '/tmp/tmp9w6bz075']
[2024-07-07T23:12:16.105+0000] {standard_task_runner.py:91} INFO - Job 237: Subtask print_hello
[2024-07-07T23:12:16.663+0000] {task_command.py:426} INFO - Running <TaskInstance: example_dag.print_hello scheduled__2023-08-20T00:00:00+00:00 [running]> on host 887bcaddc0d8
[2024-07-07T23:12:17.113+0000] {taskinstance.py:2648} INFO - Exporting env vars: AIRFLOW_CTX_DAG_OWNER='***' AIRFLOW_CTX_DAG_ID='example_dag' AIRFLOW_CTX_TASK_ID='print_hello' AIRFLOW_CTX_EXECUTION_DATE='2023-08-20T00:00:00+00:00' AIRFLOW_CTX_TRY_NUMBER='1' AIRFLOW_CTX_DAG_RUN_ID='scheduled__2023-08-20T00:00:00+00:00'
[2024-07-07T23:12:17.133+0000] {taskinstance.py:430} INFO - ::endgroup::
[2024-07-07T23:12:17.138+0000] {logging_mixin.py:188} INFO - Hello, Airflow!
[2024-07-07T23:12:17.143+0000] {python.py:237} INFO - Done. Returned value was: None
[2024-07-07T23:12:17.146+0000] {taskinstance.py:441} INFO - ::group::Post task execution logs
[2024-07-07T23:12:17.164+0000] {taskinstance.py:1206} INFO - Marking task as SUCCESS. dag_id=example_dag, task_id=print_hello, run_id=scheduled__2023-08-20T00:00:00+00:00, execution_date=20230820T000000, start_date=20240707T231215, end_date=20240707T231217
[2024-07-07T23:12:17.227+0000] {local_task_job_runner.py:240} INFO - Task exited with return code 0
[2024-07-07T23:12:17.296+0000] {taskinstance.py:3503} INFO - 0 downstream tasks scheduled from follow-on schedule check
[2024-07-07T23:12:17.303+0000] {local_task_job_runner.py:222} INFO - ::endgroup::
