[2024-07-07T23:13:13.335+0000] {local_task_job_runner.py:120} INFO - ::group::Pre task execution logs
[2024-07-07T23:13:13.378+0000] {taskinstance.py:2076} INFO - Dependencies all met for dep_context=non-requeueable deps ti=<TaskInstance: example_dag.print_hello scheduled__2023-11-19T00:00:00+00:00 [queued]>
[2024-07-07T23:13:13.391+0000] {taskinstance.py:2076} INFO - Dependencies all met for dep_context=requeueable deps ti=<TaskInstance: example_dag.print_hello scheduled__2023-11-19T00:00:00+00:00 [queued]>
[2024-07-07T23:13:13.392+0000] {taskinstance.py:2306} INFO - Starting attempt 1 of 2
[2024-07-07T23:13:13.411+0000] {taskinstance.py:2330} INFO - Executing <Task(PythonOperator): print_hello> on 2023-11-19 00:00:00+00:00
[2024-07-07T23:13:13.426+0000] {warnings.py:112} WARNING - /home/***/.local/lib/python3.12/site-packages/***/task/task_runner/standard_task_runner.py:61: DeprecationWarning: This process (pid=1344) is multi-threaded, use of fork() may lead to deadlocks in the child.
  pid = os.fork()

[2024-07-07T23:13:13.429+0000] {standard_task_runner.py:63} INFO - Started process 1369 to run task
[2024-07-07T23:13:13.432+0000] {standard_task_runner.py:90} INFO - Running: ['***', 'tasks', 'run', 'example_dag', 'print_hello', 'scheduled__2023-11-19T00:00:00+00:00', '--job-id', '327', '--raw', '--subdir', 'DAGS_FOLDER/init.py', '--cfg-path', '/tmp/tmp99f3lw62']
[2024-07-07T23:13:13.438+0000] {standard_task_runner.py:91} INFO - Job 327: Subtask print_hello
[2024-07-07T23:13:13.540+0000] {task_command.py:426} INFO - Running <TaskInstance: example_dag.print_hello scheduled__2023-11-19T00:00:00+00:00 [running]> on host 887bcaddc0d8
[2024-07-07T23:13:13.699+0000] {taskinstance.py:2648} INFO - Exporting env vars: AIRFLOW_CTX_DAG_OWNER='***' AIRFLOW_CTX_DAG_ID='example_dag' AIRFLOW_CTX_TASK_ID='print_hello' AIRFLOW_CTX_EXECUTION_DATE='2023-11-19T00:00:00+00:00' AIRFLOW_CTX_TRY_NUMBER='1' AIRFLOW_CTX_DAG_RUN_ID='scheduled__2023-11-19T00:00:00+00:00'
[2024-07-07T23:13:13.705+0000] {taskinstance.py:430} INFO - ::endgroup::
[2024-07-07T23:13:13.706+0000] {logging_mixin.py:188} INFO - Hello, Airflow!
[2024-07-07T23:13:13.707+0000] {python.py:237} INFO - Done. Returned value was: None
[2024-07-07T23:13:13.708+0000] {taskinstance.py:441} INFO - ::group::Post task execution logs
[2024-07-07T23:13:13.723+0000] {taskinstance.py:1206} INFO - Marking task as SUCCESS. dag_id=example_dag, task_id=print_hello, run_id=scheduled__2023-11-19T00:00:00+00:00, execution_date=20231119T000000, start_date=20240707T231313, end_date=20240707T231313
[2024-07-07T23:13:13.781+0000] {local_task_job_runner.py:240} INFO - Task exited with return code 0
[2024-07-07T23:13:13.808+0000] {taskinstance.py:3503} INFO - 0 downstream tasks scheduled from follow-on schedule check
[2024-07-07T23:13:13.810+0000] {local_task_job_runner.py:222} INFO - ::endgroup::
