[2024-07-07T23:13:14.128+0000] {local_task_job_runner.py:120} INFO - ::group::Pre task execution logs
[2024-07-07T23:13:14.143+0000] {taskinstance.py:2076} INFO - Dependencies all met for dep_context=non-requeueable deps ti=<TaskInstance: example_dag.print_hello scheduled__2023-11-24T00:00:00+00:00 [queued]>
[2024-07-07T23:13:14.147+0000] {taskinstance.py:2076} INFO - Dependencies all met for dep_context=requeueable deps ti=<TaskInstance: example_dag.print_hello scheduled__2023-11-24T00:00:00+00:00 [queued]>
[2024-07-07T23:13:14.148+0000] {taskinstance.py:2306} INFO - Starting attempt 1 of 2
[2024-07-07T23:13:14.153+0000] {taskinstance.py:2330} INFO - Executing <Task(PythonOperator): print_hello> on 2023-11-24 00:00:00+00:00
[2024-07-07T23:13:14.157+0000] {warnings.py:112} WARNING - /home/***/.local/lib/python3.12/site-packages/***/task/task_runner/standard_task_runner.py:61: DeprecationWarning: This process (pid=1360) is multi-threaded, use of fork() may lead to deadlocks in the child.
  pid = os.fork()

[2024-07-07T23:13:14.157+0000] {standard_task_runner.py:63} INFO - Started process 1374 to run task
[2024-07-07T23:13:14.158+0000] {standard_task_runner.py:90} INFO - Running: ['***', 'tasks', 'run', 'example_dag', 'print_hello', 'scheduled__2023-11-24T00:00:00+00:00', '--job-id', '332', '--raw', '--subdir', 'DAGS_FOLDER/init.py', '--cfg-path', '/tmp/tmpbs00a6px']
[2024-07-07T23:13:14.160+0000] {standard_task_runner.py:91} INFO - Job 332: Subtask print_hello
[2024-07-07T23:13:14.187+0000] {task_command.py:426} INFO - Running <TaskInstance: example_dag.print_hello scheduled__2023-11-24T00:00:00+00:00 [running]> on host 887bcaddc0d8
[2024-07-07T23:13:14.246+0000] {taskinstance.py:2648} INFO - Exporting env vars: AIRFLOW_CTX_DAG_OWNER='***' AIRFLOW_CTX_DAG_ID='example_dag' AIRFLOW_CTX_TASK_ID='print_hello' AIRFLOW_CTX_EXECUTION_DATE='2023-11-24T00:00:00+00:00' AIRFLOW_CTX_TRY_NUMBER='1' AIRFLOW_CTX_DAG_RUN_ID='scheduled__2023-11-24T00:00:00+00:00'
[2024-07-07T23:13:14.248+0000] {taskinstance.py:430} INFO - ::endgroup::
[2024-07-07T23:13:14.249+0000] {logging_mixin.py:188} INFO - Hello, Airflow!
[2024-07-07T23:13:14.249+0000] {python.py:237} INFO - Done. Returned value was: None
[2024-07-07T23:13:14.249+0000] {taskinstance.py:441} INFO - ::group::Post task execution logs
[2024-07-07T23:13:14.255+0000] {taskinstance.py:1206} INFO - Marking task as SUCCESS. dag_id=example_dag, task_id=print_hello, run_id=scheduled__2023-11-24T00:00:00+00:00, execution_date=20231124T000000, start_date=20240707T231314, end_date=20240707T231314
[2024-07-07T23:13:14.296+0000] {local_task_job_runner.py:240} INFO - Task exited with return code 0
[2024-07-07T23:13:14.304+0000] {taskinstance.py:3503} INFO - 0 downstream tasks scheduled from follow-on schedule check
[2024-07-07T23:13:14.305+0000] {local_task_job_runner.py:222} INFO - ::endgroup::
