[2024-07-07T23:15:58.918+0000] {local_task_job_runner.py:120} INFO - ::group::Pre task execution logs
[2024-07-07T23:15:58.973+0000] {taskinstance.py:2076} INFO - Dependencies all met for dep_context=non-requeueable deps ti=<TaskInstance: example_dag.print_hello scheduled__2024-06-18T00:00:00+00:00 [queued]>
[2024-07-07T23:15:58.979+0000] {taskinstance.py:2076} INFO - Dependencies all met for dep_context=requeueable deps ti=<TaskInstance: example_dag.print_hello scheduled__2024-06-18T00:00:00+00:00 [queued]>
[2024-07-07T23:15:58.980+0000] {taskinstance.py:2306} INFO - Starting attempt 1 of 2
[2024-07-07T23:15:58.995+0000] {taskinstance.py:2330} INFO - Executing <Task(PythonOperator): print_hello> on 2024-06-18 00:00:00+00:00
[2024-07-07T23:15:59.005+0000] {warnings.py:112} WARNING - /home/***/.local/lib/python3.12/site-packages/***/task/task_runner/standard_task_runner.py:61: DeprecationWarning: This process (pid=2069) is multi-threaded, use of fork() may lead to deadlocks in the child.
  pid = os.fork()

[2024-07-07T23:15:59.007+0000] {standard_task_runner.py:63} INFO - Started process 2094 to run task
[2024-07-07T23:15:59.016+0000] {standard_task_runner.py:90} INFO - Running: ['***', 'tasks', 'run', 'example_dag', 'print_hello', 'scheduled__2024-06-18T00:00:00+00:00', '--job-id', '540', '--raw', '--subdir', 'DAGS_FOLDER/init.py', '--cfg-path', '/tmp/tmpidhw1nlb']
[2024-07-07T23:15:59.023+0000] {standard_task_runner.py:91} INFO - Job 540: Subtask print_hello
[2024-07-07T23:15:59.113+0000] {task_command.py:426} INFO - Running <TaskInstance: example_dag.print_hello scheduled__2024-06-18T00:00:00+00:00 [running]> on host 887bcaddc0d8
[2024-07-07T23:15:59.319+0000] {taskinstance.py:2648} INFO - Exporting env vars: AIRFLOW_CTX_DAG_OWNER='***' AIRFLOW_CTX_DAG_ID='example_dag' AIRFLOW_CTX_TASK_ID='print_hello' AIRFLOW_CTX_EXECUTION_DATE='2024-06-18T00:00:00+00:00' AIRFLOW_CTX_TRY_NUMBER='1' AIRFLOW_CTX_DAG_RUN_ID='scheduled__2024-06-18T00:00:00+00:00'
[2024-07-07T23:15:59.326+0000] {taskinstance.py:430} INFO - ::endgroup::
[2024-07-07T23:15:59.329+0000] {logging_mixin.py:188} INFO - Hello, Airflow!
[2024-07-07T23:15:59.330+0000] {python.py:237} INFO - Done. Returned value was: None
[2024-07-07T23:15:59.332+0000] {taskinstance.py:441} INFO - ::group::Post task execution logs
[2024-07-07T23:15:59.348+0000] {taskinstance.py:1206} INFO - Marking task as SUCCESS. dag_id=example_dag, task_id=print_hello, run_id=scheduled__2024-06-18T00:00:00+00:00, execution_date=20240618T000000, start_date=20240707T231558, end_date=20240707T231559
[2024-07-07T23:15:59.403+0000] {local_task_job_runner.py:240} INFO - Task exited with return code 0
[2024-07-07T23:15:59.498+0000] {taskinstance.py:3503} INFO - 0 downstream tasks scheduled from follow-on schedule check
[2024-07-07T23:15:59.503+0000] {local_task_job_runner.py:222} INFO - ::endgroup::
