[2024-07-07T23:15:25.307+0000] {local_task_job_runner.py:120} INFO - ::group::Pre task execution logs
[2024-07-07T23:15:25.372+0000] {taskinstance.py:2076} INFO - Dependencies all met for dep_context=non-requeueable deps ti=<TaskInstance: example_dag.print_hello scheduled__2024-05-01T00:00:00+00:00 [queued]>
[2024-07-07T23:15:25.378+0000] {taskinstance.py:2076} INFO - Dependencies all met for dep_context=requeueable deps ti=<TaskInstance: example_dag.print_hello scheduled__2024-05-01T00:00:00+00:00 [queued]>
[2024-07-07T23:15:25.384+0000] {taskinstance.py:2306} INFO - Starting attempt 1 of 2
[2024-07-07T23:15:25.436+0000] {taskinstance.py:2330} INFO - Executing <Task(PythonOperator): print_hello> on 2024-05-01 00:00:00+00:00
[2024-07-07T23:15:25.466+0000] {warnings.py:112} WARNING - /home/***/.local/lib/python3.12/site-packages/***/task/task_runner/standard_task_runner.py:61: DeprecationWarning: This process (pid=1902) is multi-threaded, use of fork() may lead to deadlocks in the child.
  pid = os.fork()

[2024-07-07T23:15:25.470+0000] {standard_task_runner.py:63} INFO - Started process 1929 to run task
[2024-07-07T23:15:25.465+0000] {standard_task_runner.py:90} INFO - Running: ['***', 'tasks', 'run', 'example_dag', 'print_hello', 'scheduled__2024-05-01T00:00:00+00:00', '--job-id', '492', '--raw', '--subdir', 'DAGS_FOLDER/init.py', '--cfg-path', '/tmp/tmp933t5qpk']
[2024-07-07T23:15:25.475+0000] {standard_task_runner.py:91} INFO - Job 492: Subtask print_hello
[2024-07-07T23:15:25.624+0000] {task_command.py:426} INFO - Running <TaskInstance: example_dag.print_hello scheduled__2024-05-01T00:00:00+00:00 [running]> on host 887bcaddc0d8
[2024-07-07T23:15:25.811+0000] {taskinstance.py:2648} INFO - Exporting env vars: AIRFLOW_CTX_DAG_OWNER='***' AIRFLOW_CTX_DAG_ID='example_dag' AIRFLOW_CTX_TASK_ID='print_hello' AIRFLOW_CTX_EXECUTION_DATE='2024-05-01T00:00:00+00:00' AIRFLOW_CTX_TRY_NUMBER='1' AIRFLOW_CTX_DAG_RUN_ID='scheduled__2024-05-01T00:00:00+00:00'
[2024-07-07T23:15:25.817+0000] {taskinstance.py:430} INFO - ::endgroup::
[2024-07-07T23:15:25.819+0000] {logging_mixin.py:188} INFO - Hello, Airflow!
[2024-07-07T23:15:25.822+0000] {python.py:237} INFO - Done. Returned value was: None
[2024-07-07T23:15:25.825+0000] {taskinstance.py:441} INFO - ::group::Post task execution logs
[2024-07-07T23:15:25.848+0000] {taskinstance.py:1206} INFO - Marking task as SUCCESS. dag_id=example_dag, task_id=print_hello, run_id=scheduled__2024-05-01T00:00:00+00:00, execution_date=20240501T000000, start_date=20240707T231525, end_date=20240707T231525
[2024-07-07T23:15:25.907+0000] {local_task_job_runner.py:240} INFO - Task exited with return code 0
[2024-07-07T23:15:25.953+0000] {taskinstance.py:3503} INFO - 0 downstream tasks scheduled from follow-on schedule check
[2024-07-07T23:15:25.958+0000] {local_task_job_runner.py:222} INFO - ::endgroup::
