[2024-07-07T23:13:04.370+0000] {local_task_job_runner.py:120} INFO - ::group::Pre task execution logs
[2024-07-07T23:13:04.421+0000] {taskinstance.py:2076} INFO - Dependencies all met for dep_context=non-requeueable deps ti=<TaskInstance: example_dag.print_hello scheduled__2023-11-03T00:00:00+00:00 [queued]>
[2024-07-07T23:13:04.441+0000] {taskinstance.py:2076} INFO - Dependencies all met for dep_context=requeueable deps ti=<TaskInstance: example_dag.print_hello scheduled__2023-11-03T00:00:00+00:00 [queued]>
[2024-07-07T23:13:04.443+0000] {taskinstance.py:2306} INFO - Starting attempt 1 of 2
[2024-07-07T23:13:04.483+0000] {taskinstance.py:2330} INFO - Executing <Task(PythonOperator): print_hello> on 2023-11-03 00:00:00+00:00
[2024-07-07T23:13:04.504+0000] {standard_task_runner.py:90} INFO - Running: ['***', 'tasks', 'run', 'example_dag', 'print_hello', 'scheduled__2023-11-03T00:00:00+00:00', '--job-id', '311', '--raw', '--subdir', 'DAGS_FOLDER/init.py', '--cfg-path', '/tmp/tmp5uxz4kj4']
[2024-07-07T23:13:04.515+0000] {standard_task_runner.py:91} INFO - Job 311: Subtask print_hello
[2024-07-07T23:13:04.507+0000] {warnings.py:112} WARNING - /home/***/.local/lib/python3.12/site-packages/***/task/task_runner/standard_task_runner.py:61: DeprecationWarning: This process (pid=1298) is multi-threaded, use of fork() may lead to deadlocks in the child.
  pid = os.fork()

[2024-07-07T23:13:04.516+0000] {standard_task_runner.py:63} INFO - Started process 1322 to run task
[2024-07-07T23:13:04.690+0000] {task_command.py:426} INFO - Running <TaskInstance: example_dag.print_hello scheduled__2023-11-03T00:00:00+00:00 [running]> on host 887bcaddc0d8
[2024-07-07T23:13:04.889+0000] {taskinstance.py:2648} INFO - Exporting env vars: AIRFLOW_CTX_DAG_OWNER='***' AIRFLOW_CTX_DAG_ID='example_dag' AIRFLOW_CTX_TASK_ID='print_hello' AIRFLOW_CTX_EXECUTION_DATE='2023-11-03T00:00:00+00:00' AIRFLOW_CTX_TRY_NUMBER='1' AIRFLOW_CTX_DAG_RUN_ID='scheduled__2023-11-03T00:00:00+00:00'
[2024-07-07T23:13:04.896+0000] {taskinstance.py:430} INFO - ::endgroup::
[2024-07-07T23:13:04.902+0000] {logging_mixin.py:188} INFO - Hello, Airflow!
[2024-07-07T23:13:04.903+0000] {python.py:237} INFO - Done. Returned value was: None
[2024-07-07T23:13:04.906+0000] {taskinstance.py:441} INFO - ::group::Post task execution logs
[2024-07-07T23:13:04.941+0000] {taskinstance.py:1206} INFO - Marking task as SUCCESS. dag_id=example_dag, task_id=print_hello, run_id=scheduled__2023-11-03T00:00:00+00:00, execution_date=20231103T000000, start_date=20240707T231304, end_date=20240707T231304
[2024-07-07T23:13:04.998+0000] {local_task_job_runner.py:240} INFO - Task exited with return code 0
[2024-07-07T23:13:05.042+0000] {taskinstance.py:3503} INFO - 0 downstream tasks scheduled from follow-on schedule check
[2024-07-07T23:13:05.045+0000] {local_task_job_runner.py:222} INFO - ::endgroup::
