[2024-07-07T23:09:46.909+0000] {local_task_job_runner.py:120} INFO - ::group::Pre task execution logs
[2024-07-07T23:09:46.975+0000] {taskinstance.py:2076} INFO - Dependencies all met for dep_context=non-requeueable deps ti=<TaskInstance: example_dag.print_hello scheduled__2023-03-22T00:00:00+00:00 [queued]>
[2024-07-07T23:09:46.985+0000] {taskinstance.py:2076} INFO - Dependencies all met for dep_context=requeueable deps ti=<TaskInstance: example_dag.print_hello scheduled__2023-03-22T00:00:00+00:00 [queued]>
[2024-07-07T23:09:46.986+0000] {taskinstance.py:2306} INFO - Starting attempt 1 of 2
[2024-07-07T23:09:47.002+0000] {taskinstance.py:2330} INFO - Executing <Task(PythonOperator): print_hello> on 2023-03-22 00:00:00+00:00
[2024-07-07T23:09:47.010+0000] {warnings.py:112} WARNING - /home/***/.local/lib/python3.12/site-packages/***/task/task_runner/standard_task_runner.py:61: DeprecationWarning: This process (pid=511) is multi-threaded, use of fork() may lead to deadlocks in the child.
  pid = os.fork()

[2024-07-07T23:09:47.011+0000] {standard_task_runner.py:63} INFO - Started process 555 to run task
[2024-07-07T23:09:47.011+0000] {standard_task_runner.py:90} INFO - Running: ['***', 'tasks', 'run', 'example_dag', 'print_hello', 'scheduled__2023-03-22T00:00:00+00:00', '--job-id', '86', '--raw', '--subdir', 'DAGS_FOLDER/init.py', '--cfg-path', '/tmp/tmp481nmpj4']
[2024-07-07T23:09:47.027+0000] {standard_task_runner.py:91} INFO - Job 86: Subtask print_hello
[2024-07-07T23:09:47.080+0000] {task_command.py:426} INFO - Running <TaskInstance: example_dag.print_hello scheduled__2023-03-22T00:00:00+00:00 [running]> on host 887bcaddc0d8
[2024-07-07T23:09:47.177+0000] {taskinstance.py:2648} INFO - Exporting env vars: AIRFLOW_CTX_DAG_OWNER='***' AIRFLOW_CTX_DAG_ID='example_dag' AIRFLOW_CTX_TASK_ID='print_hello' AIRFLOW_CTX_EXECUTION_DATE='2023-03-22T00:00:00+00:00' AIRFLOW_CTX_TRY_NUMBER='1' AIRFLOW_CTX_DAG_RUN_ID='scheduled__2023-03-22T00:00:00+00:00'
[2024-07-07T23:09:47.179+0000] {taskinstance.py:430} INFO - ::endgroup::
[2024-07-07T23:09:47.179+0000] {logging_mixin.py:188} INFO - Hello, Airflow!
[2024-07-07T23:09:47.181+0000] {python.py:237} INFO - Done. Returned value was: None
[2024-07-07T23:09:47.184+0000] {taskinstance.py:441} INFO - ::group::Post task execution logs
[2024-07-07T23:09:47.192+0000] {taskinstance.py:1206} INFO - Marking task as SUCCESS. dag_id=example_dag, task_id=print_hello, run_id=scheduled__2023-03-22T00:00:00+00:00, execution_date=20230322T000000, start_date=20240707T230946, end_date=20240707T230947
[2024-07-07T23:09:47.209+0000] {local_task_job_runner.py:240} INFO - Task exited with return code 0
[2024-07-07T23:09:47.222+0000] {taskinstance.py:3503} INFO - 0 downstream tasks scheduled from follow-on schedule check
[2024-07-07T23:09:47.223+0000] {local_task_job_runner.py:222} INFO - ::endgroup::
