[2024-07-07T23:16:05.807+0000] {local_task_job_runner.py:120} INFO - ::group::Pre task execution logs
[2024-07-07T23:16:05.852+0000] {taskinstance.py:2076} INFO - Dependencies all met for dep_context=non-requeueable deps ti=<TaskInstance: example_dag.print_hello scheduled__2024-07-03T00:00:00+00:00 [queued]>
[2024-07-07T23:16:05.859+0000] {taskinstance.py:2076} INFO - Dependencies all met for dep_context=requeueable deps ti=<TaskInstance: example_dag.print_hello scheduled__2024-07-03T00:00:00+00:00 [queued]>
[2024-07-07T23:16:05.860+0000] {taskinstance.py:2306} INFO - Starting attempt 1 of 2
[2024-07-07T23:16:05.873+0000] {taskinstance.py:2330} INFO - Executing <Task(PythonOperator): print_hello> on 2024-07-03 00:00:00+00:00
[2024-07-07T23:16:05.886+0000] {warnings.py:112} WARNING - /home/***/.local/lib/python3.12/site-packages/***/task/task_runner/standard_task_runner.py:61: DeprecationWarning: This process (pid=2114) is multi-threaded, use of fork() may lead to deadlocks in the child.
  pid = os.fork()

[2024-07-07T23:16:05.888+0000] {standard_task_runner.py:63} INFO - Started process 2139 to run task
[2024-07-07T23:16:05.891+0000] {standard_task_runner.py:90} INFO - Running: ['***', 'tasks', 'run', 'example_dag', 'print_hello', 'scheduled__2024-07-03T00:00:00+00:00', '--job-id', '555', '--raw', '--subdir', 'DAGS_FOLDER/init.py', '--cfg-path', '/tmp/tmpuceuzdrp']
[2024-07-07T23:16:05.900+0000] {standard_task_runner.py:91} INFO - Job 555: Subtask print_hello
[2024-07-07T23:16:06.010+0000] {task_command.py:426} INFO - Running <TaskInstance: example_dag.print_hello scheduled__2024-07-03T00:00:00+00:00 [running]> on host 887bcaddc0d8
[2024-07-07T23:16:06.126+0000] {taskinstance.py:2648} INFO - Exporting env vars: AIRFLOW_CTX_DAG_OWNER='***' AIRFLOW_CTX_DAG_ID='example_dag' AIRFLOW_CTX_TASK_ID='print_hello' AIRFLOW_CTX_EXECUTION_DATE='2024-07-03T00:00:00+00:00' AIRFLOW_CTX_TRY_NUMBER='1' AIRFLOW_CTX_DAG_RUN_ID='scheduled__2024-07-03T00:00:00+00:00'
[2024-07-07T23:16:06.131+0000] {taskinstance.py:430} INFO - ::endgroup::
[2024-07-07T23:16:06.132+0000] {logging_mixin.py:188} INFO - Hello, Airflow!
[2024-07-07T23:16:06.133+0000] {python.py:237} INFO - Done. Returned value was: None
[2024-07-07T23:16:06.134+0000] {taskinstance.py:441} INFO - ::group::Post task execution logs
[2024-07-07T23:16:06.144+0000] {taskinstance.py:1206} INFO - Marking task as SUCCESS. dag_id=example_dag, task_id=print_hello, run_id=scheduled__2024-07-03T00:00:00+00:00, execution_date=20240703T000000, start_date=20240707T231605, end_date=20240707T231606
[2024-07-07T23:16:06.159+0000] {local_task_job_runner.py:240} INFO - Task exited with return code 0
[2024-07-07T23:16:06.179+0000] {taskinstance.py:3503} INFO - 0 downstream tasks scheduled from follow-on schedule check
[2024-07-07T23:16:06.180+0000] {local_task_job_runner.py:222} INFO - ::endgroup::
