[2024-07-07T23:15:49.461+0000] {local_task_job_runner.py:120} INFO - ::group::Pre task execution logs
[2024-07-07T23:15:49.494+0000] {taskinstance.py:2076} INFO - Dependencies all met for dep_context=non-requeueable deps ti=<TaskInstance: example_dag.print_hello scheduled__2024-06-03T00:00:00+00:00 [queued]>
[2024-07-07T23:15:49.514+0000] {taskinstance.py:2076} INFO - Dependencies all met for dep_context=requeueable deps ti=<TaskInstance: example_dag.print_hello scheduled__2024-06-03T00:00:00+00:00 [queued]>
[2024-07-07T23:15:49.514+0000] {taskinstance.py:2306} INFO - Starting attempt 1 of 2
[2024-07-07T23:15:49.549+0000] {taskinstance.py:2330} INFO - Executing <Task(PythonOperator): print_hello> on 2024-06-03 00:00:00+00:00
[2024-07-07T23:15:49.570+0000] {warnings.py:112} WARNING - /home/***/.local/lib/python3.12/site-packages/***/task/task_runner/standard_task_runner.py:61: DeprecationWarning: This process (pid=2017) is multi-threaded, use of fork() may lead to deadlocks in the child.
  pid = os.fork()

[2024-07-07T23:15:49.587+0000] {standard_task_runner.py:63} INFO - Started process 2042 to run task
[2024-07-07T23:15:49.582+0000] {standard_task_runner.py:90} INFO - Running: ['***', 'tasks', 'run', 'example_dag', 'print_hello', 'scheduled__2024-06-03T00:00:00+00:00', '--job-id', '525', '--raw', '--subdir', 'DAGS_FOLDER/init.py', '--cfg-path', '/tmp/tmpu3g8zjoq']
[2024-07-07T23:15:49.594+0000] {standard_task_runner.py:91} INFO - Job 525: Subtask print_hello
[2024-07-07T23:15:49.737+0000] {task_command.py:426} INFO - Running <TaskInstance: example_dag.print_hello scheduled__2024-06-03T00:00:00+00:00 [running]> on host 887bcaddc0d8
[2024-07-07T23:15:49.942+0000] {taskinstance.py:2648} INFO - Exporting env vars: AIRFLOW_CTX_DAG_OWNER='***' AIRFLOW_CTX_DAG_ID='example_dag' AIRFLOW_CTX_TASK_ID='print_hello' AIRFLOW_CTX_EXECUTION_DATE='2024-06-03T00:00:00+00:00' AIRFLOW_CTX_TRY_NUMBER='1' AIRFLOW_CTX_DAG_RUN_ID='scheduled__2024-06-03T00:00:00+00:00'
[2024-07-07T23:15:49.949+0000] {taskinstance.py:430} INFO - ::endgroup::
[2024-07-07T23:15:49.952+0000] {logging_mixin.py:188} INFO - Hello, Airflow!
[2024-07-07T23:15:49.953+0000] {python.py:237} INFO - Done. Returned value was: None
[2024-07-07T23:15:49.954+0000] {taskinstance.py:441} INFO - ::group::Post task execution logs
[2024-07-07T23:15:49.976+0000] {taskinstance.py:1206} INFO - Marking task as SUCCESS. dag_id=example_dag, task_id=print_hello, run_id=scheduled__2024-06-03T00:00:00+00:00, execution_date=20240603T000000, start_date=20240707T231549, end_date=20240707T231549
[2024-07-07T23:15:50.040+0000] {local_task_job_runner.py:240} INFO - Task exited with return code 0
[2024-07-07T23:15:50.097+0000] {taskinstance.py:3503} INFO - 0 downstream tasks scheduled from follow-on schedule check
[2024-07-07T23:15:50.099+0000] {local_task_job_runner.py:222} INFO - ::endgroup::
